25-Sep-20 19:44:12 - Questo esperimento lavora con il metodo: fknn
25-Sep-20 19:44:15 - Questo esperimento lavora sul dataset: Dataset/breast-std.csv
25-Sep-20 19:44:15 - NumExpr defaulting to 4 threads.
25-Sep-20 19:56:22 - [0.6964285714285714, 0.7037037037037037, 0.7037037037037037, 0.7037037037037037, 0.7037037037037037] = array delle accuratezze
25-Sep-20 19:56:22 - [6.175954335637249, 4.191183885248089, 4.469658341065014, 4.637658573419529, 2.703286066171236] = array delle RMSE_membership 

25-Sep-20 19:56:22 - 
Prossimo esperimento

25-Sep-20 19:56:22 - Questo esperimento lavora con il metodo: gfmm
25-Sep-20 19:56:25 - Questo esperimento lavora sul dataset: Dataset/breast-std.csv
25-Sep-20 19:57:49 - [0.6964285714285714, 0.7037037037037037, 0.7037037037037037, 0.7037037037037037, 0.7037037037037037] = array delle accuratezze
25-Sep-20 19:57:49 - [0.8345229603962802, 0.8388704928078611, 0.8388704928078611, 0.8388704928078611, 0.8388704928078611] = array delle RMSE_membership 

25-Sep-20 19:57:49 - 
Prossimo esperimento

25-Sep-20 21:33:29 - Questo esperimento lavora con il metodo: fknn
25-Sep-20 21:33:33 - Questo esperimento lavora sul dataset: Dataset/breast-std.csv
25-Sep-20 21:33:34 - NumExpr defaulting to 4 threads.
25-Sep-20 21:44:20 - [0.6964285714285714, 0.7037037037037037, 0.7037037037037037, 0.7037037037037037, 0.7037037037037037] = array delle accuratezze
25-Sep-20 21:44:20 - [6.175954335637249, 4.191183885248089, 4.469658341065014, 4.637658573419529, 2.703286066171236] = array delle RMSE_membership 

25-Sep-20 21:44:20 - 
Prossimo esperimento

25-Sep-20 21:44:20 - Questo esperimento lavora con il metodo: gfmm
25-Sep-20 21:44:22 - Questo esperimento lavora sul dataset: Dataset/breast-std.csv
25-Sep-20 21:45:44 - [0.6964285714285714, 0.7037037037037037, 0.7037037037037037, 0.7037037037037037, 0.7037037037037037] = array delle accuratezze
25-Sep-20 21:45:44 - [0.8345229603962802, 0.8388704928078611, 0.8388704928078611, 0.8388704928078611, 0.8388704928078611] = array delle RMSE_membership 

25-Sep-20 21:45:44 - 
Prossimo esperimento: da qui tolti NaN

26-Sep-20 22:20:54 - Questo esperimento lavora con il metodo: fknn
26-Sep-20 22:20:57 - Questo esperimento lavora sul dataset: Dataset/breast-std.csv
26-Sep-20 22:20:58 - NumExpr defaulting to 4 threads.
26-Sep-20 22:31:42 - [0.5185185185185185, 0.6981132075471698, 0.7115384615384616, 0.5769230769230769, 0.6153846153846154] = array delle accuratezze
26-Sep-20 22:31:42 - [5.3212153443307235, 3.7279436072430148, 5.386093366451861, 1.9188102283205843, 6.611399746315661] = array delle RMSE_membership 

26-Sep-20 22:31:42 - 
Prossimo esperimento

26-Sep-20 22:31:42 - Questo esperimento lavora con il metodo: gfmm
26-Sep-20 22:31:45 - Questo esperimento lavora sul dataset: Dataset/breast-std.csv
26-Sep-20 22:33:05 - [0.7037037037037037, 0.6981132075471698, 0.7115384615384616, 0.7115384615384616, 0.7115384615384616] = array delle accuratezze
26-Sep-20 22:33:05 - [0.8388704928078611, 0.835531691527718, 0.8435273922869734, 0.8435273922869734, 0.8435273922869734] = array delle RMSE_membership 

26-Sep-20 22:33:05 - 
Prossimo esperimento

27-Sep-20 18:21:00 - Questo esperimento lavora sul dataset: Dataset/iris_std.csv
27-Sep-20 18:21:00 - [0.5333333333333333, 0.5, 0.5333333333333333, 0.5333333333333333, 0.5333333333333333] = array delle accuratezze
27-Sep-20 18:21:00 - [0.669891121619371, 0.6679017261579204, 0.6876701034054188, 0.6897564527888209, 0.6809496519015514] = array delle RMSE_membership 

27-Sep-20 18:22:15 - Questo esperimento lavora con il metodo: fcm
27-Sep-20 18:22:15 - 
Prossimo esperimento

27-Sep-20 18:22:40 - Questo esperimento lavora con il metodo: fcm
27-Sep-20 18:22:41 - Questo esperimento lavora sul dataset: Dataset/iris_std.csv
27-Sep-20 18:22:41 - [0.5333333333333333, 0.5, 0.5333333333333333, 0.5333333333333333, 0.5333333333333333] = array delle accuratezze
27-Sep-20 18:22:41 - [0.6698911217603764, 0.6679017257789731, 0.6876701033633268, 0.6897564528194783, 0.6809496519737702] = array delle RMSE_membership 

27-Sep-20 18:22:41 - 
Prossimo esperimento

27-Sep-20 18:22:58 - Questo esperimento lavora con il metodo: fcm
27-Sep-20 18:22:58 - Questo esperimento lavora sul dataset: Dataset/iris-setosa.csv
27-Sep-20 18:22:58 - [0.9666666666666667, 1.0, 0.9, 0.9333333333333333, 0.9666666666666667] = array delle accuratezze
27-Sep-20 18:22:58 - [0.24057113851489853, 0.14252313747921794, 0.2542867193538615, 0.2029043229853014, 0.21362676431691668] = array delle RMSE_membership 

27-Sep-20 18:22:58 - 
Prossimo esperimento

27-Sep-20 18:23:08 - Questo esperimento lavora con il metodo: fcm
27-Sep-20 18:23:08 - Questo esperimento lavora sul dataset: Dataset/iris-versicolor.csv
27-Sep-20 18:23:09 - [0.6333333333333333, 0.6333333333333333, 0.7666666666666667, 0.5666666666666667, 0.6] = array delle accuratezze
27-Sep-20 18:23:09 - [0.5451042700574396, 0.48888725373142355, 0.4628280924206043, 0.5912118740373937, 0.4966310216541194] = array delle RMSE_membership 

27-Sep-20 18:23:09 - 
Prossimo esperimento

27-Sep-20 18:23:17 - Questo esperimento lavora con il metodo: fcm
27-Sep-20 18:23:17 - Questo esperimento lavora sul dataset: Dataset/iris-virginica.csv
27-Sep-20 18:23:18 - [0.8333333333333334, 0.9, 0.9, 0.8666666666666667, 0.9333333333333333] = array delle accuratezze
27-Sep-20 18:23:18 - [0.32457105813423676, 0.2643048904991688, 0.26949676940334777, 0.3016114017223963, 0.20979518882769313] = array delle RMSE_membership 

27-Sep-20 18:23:18 - 
Prossimo esperimento

27-Sep-20 18:23:58 - Questo esperimento lavora con il metodo: fcm
27-Sep-20 18:23:58 - Questo esperimento lavora sul dataset: Dataset/breast-std.csv
27-Sep-20 18:23:59 - [0.5272727272727272, 0.6, 0.5, 0.5740740740740741, 0.5370370370370371] = array delle accuratezze
27-Sep-20 18:23:59 - [0.6446037566997991, 0.6004959266263189, 0.6489126122129318, 0.6233890854570252, 0.6461165080412438] = array delle RMSE_membership 

27-Sep-20 18:23:59 - 
Prossimo esperimento

28-Sep-20 22:16:40 - Questo esperimento lavora sul dataset: Dataset/iris-setosa.csv
28-Sep-20 22:16:40 - [0.7666666666666667, 0.9333333333333333, 0.8, 0.9, 0.8] = array delle accuratezze
28-Sep-20 22:16:40 - [0.35305548099390693, 0.25755916777828347, 0.3378804592850287, 0.31541541559699127, 0.3517592390959727] = array delle RMSE_membership 

28-Sep-20 22:17:00 - Questo esperimento lavora sul dataset: Dataset/iris-setosa.csv
28-Sep-20 22:17:00 - [0.7666666666666667, 0.9333333333333333, 0.8, 0.9, 0.8] = array delle accuratezze
28-Sep-20 22:17:00 - [0.3530554873554649, 0.2575591693099675, 0.33788045936442584, 0.3154154240785889, 0.3517592376299815] = array delle RMSE_membership 

28-Sep-20 22:17:23 - Questo esperimento lavora sul dataset: Dataset/iris-setosa.csv
28-Sep-20 22:17:23 - [0.9666666666666667, 1.0, 0.9, 0.9333333333333333, 0.9666666666666667] = array delle accuratezze
28-Sep-20 22:17:23 - [0.24057113848856698, 0.14252313951092735, 0.25428671511753675, 0.20290432251057985, 0.2136267656795353] = array delle RMSE_membership 

28-Sep-20 22:17:36 - Questo esperimento lavora sul dataset: Dataset/iris-setosa.csv
28-Sep-20 22:17:36 - [0.9666666666666667, 1.0, 1.0, 1.0, 0.9666666666666667] = array delle accuratezze
28-Sep-20 22:17:36 - [0.13591268076167498, 0.07644649385445844, 0.14936942710707082, 0.058058006056251714, 0.1331107507566485] = array delle RMSE_membership 

28-Sep-20 22:17:45 - Questo esperimento lavora sul dataset: Dataset/iris-versicolor.csv
28-Sep-20 22:17:46 - [0.5, 0.7, 0.7, 0.5333333333333333, 0.8] = array delle accuratezze
28-Sep-20 22:17:46 - [0.6426378694043272, 0.5206578810458501, 0.5000219787409598, 0.6304728609548469, 0.4192426672319651] = array delle RMSE_membership 

28-Sep-20 22:17:52 - Questo esperimento lavora sul dataset: Dataset/iris-virginica.csv
28-Sep-20 22:17:52 - [0.5333333333333333, 0.7, 0.7333333333333333, 0.6, 0.8666666666666667] = array delle accuratezze
28-Sep-20 22:17:52 - [0.588141268899664, 0.4475943584323496, 0.46423125704024626, 0.5447239759570757, 0.3354839521415717] = array delle RMSE_membership 

28-Sep-20 22:33:34 - Questo esperimento lavora sul dataset: Dataset/breast-std.csv
28-Sep-20 22:33:38 - [0.5272727272727272, 0.5818181818181818, 0.5, 0.5925925925925926, 0.5185185185185185] = array delle accuratezze
28-Sep-20 22:33:38 - [0.5718214203243083, 0.5506627914389569, 0.563427604523274, 0.557313288491233, 0.5899098197262777] = array delle RMSE_membership 

28-Sep-20 22:34:21 - Questo esperimento lavora sul dataset: Dataset/iris-setosa.csv
28-Sep-20 22:34:21 - [0.9666666666666667, 1.0, 0.9666666666666667, 1.0, 0.9666666666666667] = array delle accuratezze
28-Sep-20 22:34:21 - [0.15492971170130085, 0.08636490999019131, 0.16487717185060358, 0.06519993395227631, 0.1457331304247419] = array delle RMSE_membership 

28-Sep-20 22:34:29 - Questo esperimento lavora sul dataset: Dataset/breast-std.csv
28-Sep-20 22:35:25 - Questo esperimento lavora sul dataset: Dataset/breast-std.csv
28-Sep-20 22:35:30 - [0.5454545454545454, 0.5925925925925926, 0.5185185185185185, 0.5740740740740741, 0.5555555555555556] = array delle accuratezze
28-Sep-20 22:35:30 - [0.5643725609498649, 0.5415227311769515, 0.5657925501036543, 0.5482667341812718, 0.5776929380774044] = array delle RMSE_membership 

28-Sep-20 22:35:50 - Questo esperimento lavora sul dataset: Dataset/breast-std.csv
28-Sep-20 22:35:56 - [0.5454545454545454, 0.5925925925925926, 0.5185185185185185, 0.5740740740740741, 0.5555555555555556] = array delle accuratezze
28-Sep-20 22:35:56 - [0.5643725608063188, 0.5415227362315573, 0.5657925512943526, 0.548266722614841, 0.5776929378903674] = array delle RMSE_membership 

29-Sep-20 19:25:48 - Questo esperimento lavora sul dataset: Dataset/breast-std.csv
29-Sep-20 19:25:55 - [0.5454545454545454, 0.5925925925925926, 0.5185185185185185, 0.5740740740740741, 0.5555555555555556] = array delle accuratezze
29-Sep-20 19:25:55 - [0.5643725607888875, 0.5415227362078237, 0.5657925501402099, 0.5482667342803578, 0.5776929378845207] = array delle RMSE_membership 

30-Sep-20 10:10:41 - Questo esperimento lavora sul dataset: Dataset/iris_std.csv
30-Sep-20 10:10:41 - [0.6333333333333333, 0.6666666666666666, 0.6333333333333333, 0.6666666666666666, 0.6333333333333333] = array delle accuratezze
30-Sep-20 10:10:41 - [0.6162618297844651, 0.60816531069379, 0.6239732917748605, 0.6217081910504005, 0.6155174523783901] = array delle RMSE_membership 

30-Sep-20 10:11:06 - Questo esperimento lavora sul dataset: Dataset/iris-setosa.csv
30-Sep-20 10:11:06 - [0.9666666666666667, 1.0, 0.9666666666666667, 1.0, 0.9666666666666667] = array delle accuratezze
30-Sep-20 10:11:06 - [0.15492971203455938, 0.08636490994783157, 0.16487717244184236, 0.06519993367904182, 0.1457331305624649] = array delle RMSE_membership 

30-Sep-20 10:11:57 - Questo esperimento lavora sul dataset: Dataset/iris-versicolor.csv
30-Sep-20 10:11:57 - [0.5, 0.7, 0.7, 0.5333333333333333, 0.8] = array delle accuratezze
30-Sep-20 10:11:57 - [0.6451428262628434, 0.52935932846959, 0.5030617083261302, 0.6381824502287198, 0.4234794173601029] = array delle RMSE_membership 

30-Sep-20 10:12:35 - Questo esperimento lavora sul dataset: Dataset/iris-virginica.csv
30-Sep-20 10:12:35 - [0.5333333333333333, 0.7, 0.7333333333333333, 0.6, 0.8666666666666667] = array delle accuratezze
30-Sep-20 10:12:35 - [0.6074590652884694, 0.462561725430692, 0.48083682279184786, 0.5611020372023441, 0.34455691482083156] = array delle RMSE_membership 

30-Sep-20 10:13:23 - Questo esperimento lavora sul dataset: Dataset/breast-std.csv
30-Sep-20 10:13:28 - [0.5454545454545454, 0.5925925925925926, 0.5185185185185185, 0.5740740740740741, 0.5555555555555556] = array delle accuratezze
30-Sep-20 10:13:28 - [0.5643725482604566, 0.5415227361458163, 0.5657925512904016, 0.5482667342721151, 0.5776929380053877] = array delle RMSE_membership 

30-Sep-20 10:20:03 - Questo esperimento lavora sul dataset: Dataset/iris_std.csv
30-Sep-20 10:21:25 - Questo esperimento lavora sul dataset: Dataset/iris_std.csv
30-Sep-20 10:21:26 - [0.6666666666666666, 0.3, 0.6666666666666666, 0.3333333333333333, 0.3] = array delle accuratezze
30-Sep-20 10:21:26 - [0.5773502691896257, 1.224744871391589, 0.5773502691896257, 1.1690451944500122, 1.2110601416389966] = array delle RMSE_membership 

30-Sep-20 10:23:45 - Questo esperimento lavora sul dataset: Dataset/iris_std.csv
30-Sep-20 10:23:46 - [0.6666666666666666, 0.9, 0.6666666666666666, 0.6666666666666666, 0.5333333333333333] = array delle accuratezze
30-Sep-20 10:23:46 - [0.5773502691896257, 0.31622776601683794, 0.5773502691896257, 0.5773502691896257, 0.6831300510639732] = array delle RMSE_membership 

30-Sep-20 10:23:50 - Questo esperimento lavora sul dataset: Dataset/iris_std.csv
30-Sep-20 10:23:51 - [0.8666666666666667, 0.3, 0.36666666666666664, 0.6666666666666666, 0.6666666666666666] = array delle accuratezze
30-Sep-20 10:23:51 - [0.3651483716701107, 1.0801234497346435, 0.7958224257542215, 0.5773502691896257, 0.5773502691896257] = array delle RMSE_membership 

30-Sep-20 10:23:55 - Questo esperimento lavora sul dataset: Dataset/iris_std.csv
30-Sep-20 10:23:55 - [0.6666666666666666, 0.6666666666666666, 0.36666666666666664, 0.6666666666666666, 0.3] = array delle accuratezze
30-Sep-20 10:23:55 - [0.5773502691896257, 0.5773502691896257, 0.7958224257542215, 0.5773502691896257, 1.0954451150103321] = array delle RMSE_membership 

30-Sep-20 10:23:58 - Questo esperimento lavora sul dataset: Dataset/iris_std.csv
30-Sep-20 10:23:58 - [0.3, 0.6666666666666666, 0.6666666666666666, 0.6666666666666666, 0.5333333333333333] = array delle accuratezze
30-Sep-20 10:23:58 - [1.1254628677422756, 0.5773502691896257, 0.5773502691896257, 0.5773502691896257, 0.6831300510639732] = array delle RMSE_membership 

30-Sep-20 10:24:01 - Questo esperimento lavora sul dataset: Dataset/iris_std.csv
30-Sep-20 10:24:02 - [0.6666666666666666, 0.6666666666666666, 0.9666666666666667, 0.6666666666666666, 0.3] = array delle accuratezze
30-Sep-20 10:24:02 - [0.5773502691896257, 0.5773502691896257, 0.18257418583505536, 0.5773502691896257, 1.2110601416389966] = array delle RMSE_membership 

30-Sep-20 10:27:43 - Questo esperimento lavora sul dataset: Dataset/iris-setosa.csv
30-Sep-20 10:27:44 - [0.8333333333333334, 0.6666666666666666, 0.7333333333333333, 0.6666666666666666, 0.7] = array delle accuratezze
30-Sep-20 10:27:44 - [0.408248290463863, 0.5773502691896257, 1.0, 1.0, 0.5477225575051661] = array delle RMSE_membership 

30-Sep-20 10:27:49 - Questo esperimento lavora sul dataset: Dataset/iris-setosa.csv
30-Sep-20 10:27:50 - [0.8333333333333334, 0.6666666666666666, 0.6, 0.6666666666666666, 0.7] = array delle accuratezze
30-Sep-20 10:27:50 - [0.408248290463863, 1.0, 0.6324555320336759, 1.0, 1.0] = array delle RMSE_membership 

30-Sep-20 10:28:22 - Questo esperimento lavora sul dataset: Dataset/iris-setosa.csv
30-Sep-20 10:28:22 - [0.8333333333333334, 0.6666666666666666, 0.6, 0.6666666666666666, 0.7] = array delle accuratezze
30-Sep-20 10:28:22 - [0.408248290463863, 0.5773502691896257, 0.6324555320336759, 1.0, 0.5477225575051661] = array delle RMSE_membership 

30-Sep-20 10:28:28 - Questo esperimento lavora sul dataset: Dataset/iris-setosa.csv
30-Sep-20 10:28:28 - [0.5, 0.6666666666666666, 0.6, 0.6666666666666666, 0.6333333333333333] = array delle accuratezze
30-Sep-20 10:28:28 - [0.7071067811865476, 1.0, 1.0, 0.5773502691896257, 1.0] = array delle RMSE_membership 

30-Sep-20 10:28:31 - Questo esperimento lavora sul dataset: Dataset/iris-setosa.csv
30-Sep-20 10:28:32 - [0.8333333333333334, 0.6666666666666666, 0.6, 0.6666666666666666, 0.7] = array delle accuratezze
30-Sep-20 10:28:32 - [0.408248290463863, 1.0, 0.6324555320336759, 0.5773502691896257, 0.5477225575051661] = array delle RMSE_membership 

30-Sep-20 10:28:50 - Questo esperimento lavora sul dataset: Dataset/iris-setosa.csv
30-Sep-20 10:28:50 - [0.8333333333333334, 0.6666666666666666, 0.6, 0.6666666666666666, 0.7] = array delle accuratezze
30-Sep-20 10:28:50 - [0.07023684123208737, 0.044938401049942005, 0.07887357382403942, 0.7328919836743354, 0.08062312296706933] = array delle RMSE_membership 

30-Sep-20 10:28:52 - Questo esperimento lavora sul dataset: Dataset/iris-setosa.csv
30-Sep-20 10:28:53 - [0.8333333333333334, 0.6666666666666666, 0.6, 0.6666666666666666, 0.6333333333333333] = array delle accuratezze
30-Sep-20 10:28:53 - [0.6723055522844517, 0.044938401042839624, 0.0788735737940142, 0.03365143953346913, 0.08062312302198142] = array delle RMSE_membership 

30-Sep-20 10:29:09 - Questo esperimento lavora sul dataset: Dataset/iris-setosa.csv
30-Sep-20 10:29:09 - [0.5, 0.6666666666666666, 0.6, 0.6666666666666666, 0.6333333333333333] = array delle accuratezze
30-Sep-20 10:29:09 - [0.07023684108921548, 0.044938400984762844, 0.7384503306880047, 0.03365143952875747, 0.08062312293987578] = array delle RMSE_membership 

30-Sep-20 10:30:38 - Questo esperimento lavora sul dataset: Dataset/iris-setosa.csv
30-Sep-20 10:30:39 - [0.5, 0.6666666666666666, 0.6, 0.6666666666666666, 0.7] = array delle accuratezze
30-Sep-20 10:30:39 - [0.672305552317233, 0.044938401050443715, 0.07887357364017415, 0.7328919837289013, 0.08062312305748737] = array delle RMSE_membership 

30-Sep-20 10:31:37 - Questo esperimento lavora sul dataset: Dataset/iris-setosa.csv
30-Sep-20 10:31:38 - [0.5, 0.6666666666666666, 0.6, 0.6666666666666666, 0.7] = array delle accuratezze
30-Sep-20 10:31:38 - [0.0702368396561152, 0.04493840104271383, 0.07887357368120841, 0.03365143952913431, 0.7385546909163768] = array delle RMSE_membership 

30-Sep-20 10:31:41 - Questo esperimento lavora sul dataset: Dataset/iris-setosa.csv
30-Sep-20 10:31:42 - [0.8333333333333334, 0.6666666666666666, 0.7333333333333333, 0.6666666666666666, 0.7] = array delle accuratezze
30-Sep-20 10:31:42 - [0.07023683979098612, 0.044938401045089865, 0.0788735739539531, 0.033651439527790844, 0.08062312298074548] = array delle RMSE_membership 

30-Sep-20 10:31:49 - Questo esperimento lavora sul dataset: Dataset/iris_std.csv
30-Sep-20 10:31:49 - [0.3, 0.3, 0.6666666666666666, 0.6666666666666666, 0.6666666666666666] = array delle accuratezze
30-Sep-20 10:31:49 - [0.9255074451805324, 0.8897257237427454, 1.0721830302810307, 0.9150154582216251, 0.9772775266183317] = array delle RMSE_membership 

30-Sep-20 10:32:03 - Questo esperimento lavora sul dataset: Dataset/iris_std.csv
30-Sep-20 10:32:03 - [0.8666666666666667, 0.3, 0.6666666666666666, 0.3333333333333333, 0.8] = array delle accuratezze
30-Sep-20 10:32:03 - [0.3651483716701107, 1.224744871391589, 0.5773502691896257, 1.140175425099138, 0.4472135954999579] = array delle RMSE_membership 

30-Sep-20 10:33:12 - Questo esperimento lavora sul dataset: Dataset/iris_std.csv
30-Sep-20 10:33:13 - [0.8666666666666667, 0.3, 0.36666666666666664, 0.6666666666666666, 0.6666666666666666] = array delle accuratezze
30-Sep-20 10:33:13 - [0.3651483716701107, 1.0801234497346435, 0.7958224257542215, 0.5773502691896257, 0.5773502691896257] = array delle RMSE_membership 

30-Sep-20 10:33:16 - Questo esperimento lavora sul dataset: Dataset/iris_std.csv
30-Sep-20 10:33:16 - [0.6666666666666666, 0.43333333333333335, 0.6666666666666666, 0.3333333333333333, 0.5333333333333333] = array delle accuratezze
30-Sep-20 10:33:16 - [0.5773502691896257, 0.752772652709081, 0.5773502691896257, 1.140175425099138, 0.6831300510639732] = array delle RMSE_membership 

30-Sep-20 10:33:18 - Questo esperimento lavora sul dataset: Dataset/iris_std.csv
30-Sep-20 10:33:19 - [0.4666666666666667, 0.6666666666666666, 0.3333333333333333, 0.3333333333333333, 0.8] = array delle accuratezze
30-Sep-20 10:33:19 - [0.7302967433402214, 0.5773502691896257, 1.2516655570345725, 1.1690451944500122, 0.4472135954999579] = array delle RMSE_membership 

30-Sep-20 10:33:52 - Questo esperimento lavora sul dataset: Dataset/iris_std.csv
30-Sep-20 10:33:53 - [0.6666666666666666, 0.3, 0.3333333333333333, 0.3333333333333333, 0.6666666666666666] = array delle accuratezze
30-Sep-20 10:33:53 - [0.5773502691896257, 1.0801234497346435, 1.2516655570345725, 1.140175425099138, 0.5773502691896257] = array delle RMSE_membership 

30-Sep-20 10:34:25 - Questo esperimento lavora sul dataset: Dataset/iris_std.csv
30-Sep-20 10:34:26 - [0.3, 0.3, 0.3333333333333333, 0.9, 0.6666666666666666] = array delle accuratezze
30-Sep-20 10:34:26 - [1.1832159566199232, 1.0801234497346435, 1.0488088481701516, 0.31622776601683794, 0.5773502691896257] = array delle RMSE_membership 

30-Sep-20 10:34:48 - Questo esperimento lavora sul dataset: Dataset/iris_std.csv
30-Sep-20 10:34:57 - Questo esperimento lavora sul dataset: Dataset/iris_std.csv
30-Sep-20 10:34:57 - [0.3, 0.3, 0.9666666666666667, 0.3333333333333333, 0.3] = array delle accuratezze
30-Sep-20 10:34:57 - [1.1832159566199232, 1.224744871391589, 0.18257418583505536, 1.140175425099138, 1.0954451150103321] = array delle RMSE_membership 

30-Sep-20 11:23:44 - Questo esperimento lavora sul dataset: Dataset/iris_std.csv
30-Sep-20 11:23:44 - [0.6666666666666666, 0.6666666666666666, 0.9666666666666667, 0.43333333333333335, 0.6666666666666666] = array delle accuratezze
30-Sep-20 11:23:44 - [0.5773502691896257, 0.5773502691896257, 0.18257418583505536, 0.752772652709081, 0.5773502691896257] = array delle RMSE_membership 

30-Sep-20 11:23:48 - Questo esperimento lavora sul dataset: Dataset/iris_std.csv
30-Sep-20 11:23:48 - [0.3, 0.6666666666666666, 0.6666666666666666, 0.9, 0.5333333333333333] = array delle accuratezze
30-Sep-20 11:23:48 - [1.1254628677422756, 0.5773502691896257, 0.5773502691896257, 0.31622776601683794, 0.6831300510639732] = array delle RMSE_membership 

30-Sep-20 11:25:50 - Questo esperimento lavora sul dataset: Dataset/iris_std.csv
30-Sep-20 11:25:50 - [0.6666666666666666, 0.6666666666666666, 0.3333333333333333, 0.43333333333333335, 0.6666666666666666] = array delle accuratezze
30-Sep-20 11:25:50 - [1.2649110640673518, 1.3165611772087666, 0.18257418583505536, 0.752772652709081, 1.1547005383792515] = array delle RMSE_membership 

30-Sep-20 11:26:55 - Questo esperimento lavora sul dataset: Dataset/iris_std.csv
30-Sep-20 11:26:56 - [0.6666666666666666, 0.9, 0.3333333333333333, 0.9, 0.3] = array delle accuratezze
30-Sep-20 11:26:56 - [0.3651483716701107, 0.31622776601683794, 0.7958224257542215, 0.31622776601683794, 0.6831300510639732] = array delle RMSE_membership 

30-Sep-20 11:27:36 - Questo esperimento lavora sul dataset: Dataset/iris_std.csv
30-Sep-20 11:27:37 - [0.3, 0.43333333333333335, 0.9666666666666667, 0.9, 0.3] = array delle accuratezze
30-Sep-20 11:27:37 - [0.3651483716701107, 0.752772652709081, 0.18257418583505536, 0.31622776601683794, 0.4472135954999579] = array delle RMSE_membership 

30-Sep-20 11:30:08 - Questo esperimento lavora sul dataset: Dataset/iris_std.csv
30-Sep-20 11:30:09 - [0.4666666666666667, 0.43333333333333335, 0.36666666666666664, 0.9, 0.8] = array delle accuratezze
30-Sep-20 11:30:09 - [0.7302967433402214, 0.752772652709081, 0.7958224257542215, 0.31622776601683794, 0.4472135954999579] = array delle RMSE_membership 

30-Sep-20 11:30:44 - Questo esperimento lavora sul dataset: Dataset/iris_std.csv
30-Sep-20 11:30:53 - Questo esperimento lavora sul dataset: Dataset/iris_std.csv
30-Sep-20 11:30:53 - [0.8666666666666667, 0.9, 0.36666666666666664, 0.9, 0.5333333333333333] = array delle accuratezze
30-Sep-20 11:30:53 - [0.3651483716701107, 0.31622776601683794, 0.7958224257542215, 0.31622776601683794, 0.6831300510639732] = array delle RMSE_membership 

30-Sep-20 11:31:43 - Questo esperimento lavora sul dataset: Dataset/iris_std.csv
30-Sep-20 11:31:44 - [0.4666666666666667, 0.9, 0.36666666666666664, 0.43333333333333335, 0.5333333333333333] = array delle accuratezze
30-Sep-20 11:31:44 - [0.7302967433402214, 0.31622776601683794, 0.7958224257542215, 0.752772652709081, 0.6831300510639732] = array delle RMSE_membership 

30-Sep-20 11:33:47 - Questo esperimento lavora sul dataset: Dataset/iris_std.csv
